<?xml version="1.0" encoding="UTF-8"?>
<!-- Generated by org.testng.reporters.JUnitReportReporter -->
<testsuite hostname="DESKTOP-CP5JU4S" failures="0" tests="1" name="testClasses.LoginPageTest" time="26.846" errors="0" timestamp="2024-02-25T16:21:39 IST" skipped="0">
  <testcase classname="testClasses.LoginPageTest" name="testLogin" time="26.846"/>
</testsuite> <!-- testClasses.LoginPageTest -->
