<?xml version="1.0" encoding="UTF-8"?>
<!-- Generated by org.testng.reporters.JUnitReportReporter -->
<testsuite hostname="DESKTOP-CP5JU4S" failures="0" tests="3" name="testClasses.TestLoginPage" time="0.601" errors="0" timestamp="2024-02-17T11:59:10 IST" skipped="0">
  <testcase classname="testClasses.TestLoginPage" name="testPasswordField" time="0.207"/>
  <testcase classname="testClasses.TestLoginPage" name="testLoginButton" time="0.192"/>
  <testcase classname="testClasses.TestLoginPage" name="testUserNameField" time="0.202"/>
</testsuite> <!-- testClasses.TestLoginPage -->
