<?xml version="1.0" encoding="UTF-8"?>
<!-- Generated by org.testng.reporters.JUnitReportReporter -->
<testsuite hostname="DESKTOP-CP5JU4S" failures="0" tests="1" name="testClasses.TestLoginPage" time="0.243" errors="0" timestamp="2024-02-17T10:40:09 IST" skipped="0">
  <testcase classname="testClasses.TestLoginPage" name="TestUserNameField" time="0.243"/>
</testsuite> <!-- testClasses.TestLoginPage -->
