<?xml version="1.0" encoding="UTF-8"?>
<!-- Generated by org.testng.reporters.JUnitReportReporter -->
<testsuite hostname="DESKTOP-CP5JU4S" failures="0" tests="3" name="testClasses.LoginPageTest" time="1.123" errors="0" timestamp="2024-02-17T19:09:57 IST" skipped="0">
  <testcase classname="testClasses.LoginPageTest" name="testUserNameField" time="0.416"/>
  <testcase classname="testClasses.LoginPageTest" name="testPasswordField" time="0.380"/>
  <testcase classname="testClasses.LoginPageTest" name="testLoginButton" time="0.327"/>
</testsuite> <!-- testClasses.LoginPageTest -->
