<?xml version="1.0" encoding="UTF-8"?>
<!-- Generated by org.testng.reporters.JUnitReportReporter -->
<testsuite hostname="DESKTOP-CP5JU4S" failures="0" tests="6" name="testClasses.CartPageTest" time="1.533" errors="0" timestamp="2024-02-17T19:09:57 IST" skipped="0">
  <testcase classname="testClasses.CartPageTest" name="test_CheckCartItem" time="0.251"/>
  <testcase classname="testClasses.CartPageTest" name="test_CartClickCheckOutButton" time="0.291"/>
  <testcase classname="testClasses.CartPageTest" name="test_CartFirstNameField" time="0.658"/>
  <testcase classname="testClasses.CartPageTest" name="test_CartlastNameField" time="0.120"/>
  <testcase classname="testClasses.CartPageTest" name="test_CartPostalCodeField" time="0.092"/>
  <testcase classname="testClasses.CartPageTest" name="test_CartContinueButton" time="0.121"/>
</testsuite> <!-- testClasses.CartPageTest -->
