<?xml version="1.0" encoding="UTF-8"?>
<!-- Generated by org.testng.reporters.JUnitReportReporter -->
<testsuite hostname="DESKTOP-CP5JU4S" failures="0" tests="2" name="testClasses.ProductsPageTest" time="0.646" errors="0" timestamp="2024-02-17T19:09:57 IST" skipped="0">
  <testcase classname="testClasses.ProductsPageTest" name="test_NavigateToCart" time="0.110"/>
  <testcase classname="testClasses.ProductsPageTest" name="test_products" time="0.536"/>
</testsuite> <!-- testClasses.ProductsPageTest -->
