<?xml version="1.0" encoding="UTF-8"?>
<!-- Generated by org.testng.reporters.JUnitReportReporter -->
<testsuite hostname="DESKTOP-CP5JU4S" failures="0" tests="2" name="testClasses.TestProducts" time="0.596" errors="0" timestamp="2024-02-17T14:33:12 IST" skipped="0">
  <testcase classname="testClasses.TestProducts" name="test_NavigateToCart" time="0.113"/>
  <testcase classname="testClasses.TestProducts" name="test_products" time="0.483"/>
</testsuite> <!-- testClasses.TestProducts -->
