<?xml version="1.0" encoding="UTF-8"?>
<!-- Generated by org.testng.reporters.JUnitReportReporter -->
<testsuite hostname="DESKTOP-CP5JU4S" failures="0" tests="6" name="testClasses.TestCartPage" time="0.811" errors="0" timestamp="2024-02-17T15:24:11 IST" skipped="0">
  <testcase classname="testClasses.TestCartPage" name="test_CheckCartItem" time="0.131"/>
  <testcase classname="testClasses.TestCartPage" name="test_CartClickCheckOutButton" time="0.122"/>
  <testcase classname="testClasses.TestCartPage" name="test_CartFirstNameField" time="0.162"/>
  <testcase classname="testClasses.TestCartPage" name="test_CartlastNameField" time="0.098"/>
  <testcase classname="testClasses.TestCartPage" name="test_CartPostalCodeField" time="0.135"/>
  <testcase classname="testClasses.TestCartPage" name="test_CartContinueButton" time="0.163"/>
</testsuite> <!-- testClasses.TestCartPage -->
